# JRE version: OpenJDK Runtime Environment (17.0.11) (build 17.0.11+0--11852314)
# Java VM: OpenJDK 64-Bit Server VM (17.0.11+0--11852314, mixed mode, tiered, compressed oops, compressed class ptrs, g1 gc, windows-amd64)
GC Precious Log:
 CPUs: 4 total, 4 available
 Memory: 16205M
 Large Page Support: Disabled
 NUMA Support: Disabled
 Compressed Oops: Enabled (Zero based)
 Heap Region Size: 2M
 Heap Min Capacity: 8M
 Heap Initial Capacity: 254M
 Heap Max Capacity: 4052M
 Pre-touch: Disabled
 Parallel Workers: 4
 Concurrent Workers: 1
 Concurrent Refinement Workers: 4
 Periodic GC: Disabled
Heap:
 garbage-first heap   total 274432K, used 199022K [0x0000000702c00000, 0x0000000800000000)
  region size 2048K, 45 young (92160K), 2 survivors (4096K)
 Metaspace       used 95084K, committed 95360K, reserved 1179648K
  class space    used 10261K, committed 10432K, reserved 1048576K
GC Heap History (20 events):
Event: 6.633 GC heap before
{Heap before GC invocations=18 (full 0):
 garbage-first heap   total 100352K, used 75260K [0x0000000702c00000, 0x0000000800000000)
  region size 2048K, 12 young (24576K), 1 survivors (2048K)
 Metaspace       used 57450K, committed 57664K, reserved 1114112K
  class space    used 6742K, committed 6848K, reserved 1048576K
}
Event: 6.643 GC heap after
{Heap after GC invocations=19 (full 0):
 garbage-first heap   total 100352K, used 56893K [0x0000000702c00000, 0x0000000800000000)
  region size 2048K, 2 young (4096K), 2 survivors (4096K)
 Metaspace       used 57450K, committed 57664K, reserved 1114112K
  class space    used 6742K, committed 6848K, reserved 1048576K
}
Event: 6.920 GC heap before
{Heap before GC invocations=20 (full 0):
 garbage-first heap   total 106496K, used 77373K [0x0000000702c00000, 0x0000000800000000)
  region size 2048K, 12 young (24576K), 2 survivors (4096K)
 Metaspace       used 57677K, committed 57856K, reserved 1114112K
  class space    used 6766K, committed 6848K, reserved 1048576K
}
Event: 6.933 GC heap after
{Heap after GC invocations=21 (full 0):
 garbage-first heap   total 106496K, used 60082K [0x0000000702c00000, 0x0000000800000000)
  region size 2048K, 2 young (4096K), 2 survivors (4096K)
 Metaspace       used 57677K, committed 57856K, reserved 1114112K
  class space    used 6766K, committed 6848K, reserved 1048576K
}
Event: 6.937 GC heap before
{Heap before GC invocations=21 (full 0):
 garbage-first heap   total 106496K, used 62130K [0x0000000702c00000, 0x0000000800000000)
  region size 2048K, 3 young (6144K), 2 survivors (4096K)
 Metaspace       used 57677K, committed 57856K, reserved 1114112K
  class space    used 6766K, committed 6848K, reserved 1048576K
}
Event: 6.943 GC heap after
{Heap after GC invocations=22 (full 0):
 garbage-first heap   total 106496K, used 59115K [0x0000000702c00000, 0x0000000800000000)
  region size 2048K, 1 young (2048K), 1 survivors (2048K)
 Metaspace       used 57677K, committed 57856K, reserved 1114112K
  class space    used 6766K, committed 6848K, reserved 1048576K
}
Event: 6.984 GC heap before
{Heap before GC invocations=22 (full 0):
 garbage-first heap   total 106496K, used 79595K [0x0000000702c00000, 0x0000000800000000)
  region size 2048K, 11 young (22528K), 1 survivors (2048K)
 Metaspace       used 57677K, committed 57856K, reserved 1114112K
  class space    used 6766K, committed 6848K, reserved 1048576K
}
Event: 6.986 GC heap after
{Heap after GC invocations=23 (full 0):
 garbage-first heap   total 301056K, used 58615K [0x0000000702c00000, 0x0000000800000000)
  region size 2048K, 1 young (2048K), 1 survivors (2048K)
 Metaspace       used 57677K, committed 57856K, reserved 1114112K
  class space    used 6766K, committed 6848K, reserved 1048576K
}
Event: 11.167 GC heap before
{Heap before GC invocations=24 (full 0):
 garbage-first heap   total 274432K, used 210167K [0x0000000702c00000, 0x0000000800000000)
  region size 2048K, 75 young (153600K), 1 survivors (2048K)
 Metaspace       used 68794K, committed 69120K, reserved 1114112K
  class space    used 7982K, committed 8128K, reserved 1048576K
}
Event: 11.186 GC heap after
{Heap after GC invocations=25 (full 0):
 garbage-first heap   total 274432K, used 73609K [0x0000000702c00000, 0x0000000800000000)
  region size 2048K, 8 young (16384K), 8 survivors (16384K)
 Metaspace       used 68794K, committed 69120K, reserved 1114112K
  class space    used 7982K, committed 8128K, reserved 1048576K
}
Event: 11.241 GC heap before
{Heap before GC invocations=25 (full 0):
 garbage-first heap   total 274432K, used 75657K [0x0000000702c00000, 0x0000000800000000)
  region size 2048K, 9 young (18432K), 8 survivors (16384K)
 Metaspace       used 68841K, committed 69184K, reserved 1114112K
  class space    used 7986K, committed 8128K, reserved 1048576K
}
Event: 11.258 GC heap after
{Heap after GC invocations=26 (full 0):
 garbage-first heap   total 274432K, used 74557K [0x0000000702c00000, 0x0000000800000000)
  region size 2048K, 1 young (2048K), 1 survivors (2048K)
 Metaspace       used 68841K, committed 69184K, reserved 1114112K
  class space    used 7986K, committed 8128K, reserved 1048576K
}
Event: 14.166 GC heap before
{Heap before GC invocations=26 (full 0):
 garbage-first heap   total 274432K, used 191293K [0x0000000702c00000, 0x0000000800000000)
  region size 2048K, 57 young (116736K), 1 survivors (2048K)
 Metaspace       used 76419K, committed 76736K, reserved 1179648K
  class space    used 8667K, committed 8832K, reserved 1048576K
}
Event: 14.181 GC heap after
{Heap after GC invocations=27 (full 0):
 garbage-first heap   total 274432K, used 87898K [0x0000000702c00000, 0x0000000800000000)
  region size 2048K, 7 young (14336K), 7 survivors (14336K)
 Metaspace       used 76419K, committed 76736K, reserved 1179648K
  class space    used 8667K, committed 8832K, reserved 1048576K
}
Event: 16.359 GC heap before
{Heap before GC invocations=27 (full 0):
 garbage-first heap   total 274432K, used 196442K [0x0000000702c00000, 0x0000000800000000)
  region size 2048K, 60 young (122880K), 7 survivors (14336K)
 Metaspace       used 87224K, committed 87552K, reserved 1179648K
  class space    used 9766K, committed 9920K, reserved 1048576K
}
Event: 16.401 GC heap after
{Heap after GC invocations=28 (full 0):
 garbage-first heap   total 274432K, used 102354K [0x0000000702c00000, 0x0000000800000000)
  region size 2048K, 8 young (16384K), 8 survivors (16384K)
 Metaspace       used 87224K, committed 87552K, reserved 1179648K
  class space    used 9766K, committed 9920K, reserved 1048576K
}
Event: 17.234 GC heap before
{Heap before GC invocations=28 (full 0):
 garbage-first heap   total 274432K, used 200658K [0x0000000702c00000, 0x0000000800000000)
  region size 2048K, 56 young (114688K), 8 survivors (16384K)
 Metaspace       used 88215K, committed 88512K, reserved 1179648K
  class space    used 9784K, committed 9920K, reserved 1048576K
}
Event: 17.255 GC heap after
{Heap after GC invocations=29 (full 0):
 garbage-first heap   total 274432K, used 109205K [0x0000000702c00000, 0x0000000800000000)
  region size 2048K, 4 young (8192K), 4 survivors (8192K)
 Metaspace       used 88215K, committed 88512K, reserved 1179648K
  class space    used 9784K, committed 9920K, reserved 1048576K
}
Event: 18.717 GC heap before
{Heap before GC invocations=29 (full 0):
 garbage-first heap   total 274432K, used 209557K [0x0000000702c00000, 0x0000000800000000)
  region size 2048K, 53 young (108544K), 4 survivors (8192K)
 Metaspace       used 94204K, committed 94464K, reserved 1179648K
  class space    used 10237K, committed 10368K, reserved 1048576K
}
Event: 18.732 GC heap after
{Heap after GC invocations=30 (full 0):
 garbage-first heap   total 274432K, used 113006K [0x0000000702c00000, 0x0000000800000000)
  region size 2048K, 2 young (4096K), 2 survivors (4096K)
 Metaspace       used 94204K, committed 94464K, reserved 1179648K
  class space    used 10237K, committed 10368K, reserved 1048576K
}

